=/pretest.json
{
  _: [],
  f: [
    '/home/runner/work/exp-dsp-iiith/exp-dsp-iiith/experiment/pretest.json'
  ],
  files: [
    '/home/runner/work/exp-dsp-iiith/exp-dsp-iiith/experiment/pretest.json'
  ],
  c: 'assessment',
  contentTypes: 'assessment',
  'content-types': 'assessment',
  '$0': 'validate'
}
Validated true
=/dijkstras-algorithm/dijkstras-algorithm-quiz.json
{
  _: [],
  f: [
    '/home/runner/work/exp-dsp-iiith/exp-dsp-iiith/experiment/dijkstras-algorithm/dijkstras-algorithm-quiz.json'
  ],
  files: [
    '/home/runner/work/exp-dsp-iiith/exp-dsp-iiith/experiment/dijkstras-algorithm/dijkstras-algorithm-quiz.json'
  ],
  c: 'assessment',
  contentTypes: 'assessment',
  'content-types': 'assessment',
  '$0': 'validate'
}
Validated true
=/analysis/analysis-quiz.json
{
  _: [],
  f: [
    '/home/runner/work/exp-dsp-iiith/exp-dsp-iiith/experiment/analysis/analysis-quiz.json'
  ],
  files: [
    '/home/runner/work/exp-dsp-iiith/exp-dsp-iiith/experiment/analysis/analysis-quiz.json'
  ],
  c: 'assessment',
  contentTypes: 'assessment',
  'content-types': 'assessment',
  '$0': 'validate'
}
Validated true
=/posttest.json
{
  _: [],
  f: [
    '/home/runner/work/exp-dsp-iiith/exp-dsp-iiith/experiment/posttest.json'
  ],
  files: [
    '/home/runner/work/exp-dsp-iiith/exp-dsp-iiith/experiment/posttest.json'
  ],
  c: 'assessment',
  contentTypes: 'assessment',
  'content-types': 'assessment',
  '$0': 'validate'
}
Validated true
