code-assessment.html     http://outreach.vlabs.ac.in/
feedback.html     http://outreach.vlabs.ac.in/
further-reading-and-references.html     http://weierstrass.is.tokushima-u.ac.jp/ikeda/suuri/dijkstra/DijkstraApp.shtml?demo1
further-reading-and-references.html     http://weierstrass.is.tokushima-u.ac.jp/ikeda/suuri/dijkstra/DijkstraApp.shtml?demo6
further-reading-and-references.html     http://weierstrass.is.tokushima-u.ac.jp/ikeda/suuri/dijkstra/DijkstraApp.shtml?demo7
further-reading-and-references.html     http://weierstrass.is.tokushima-u.ac.jp/ikeda/suuri/dijkstra/Dijkstra.shtml
further-reading-and-references.html     http://outreach.vlabs.ac.in/
index.html     http://outreach.vlabs.ac.in/
overview.html     http://outreach.vlabs.ac.in/
performance-report.html     http://vlab.co.in
posttest.html     http://outreach.vlabs.ac.in/
pretest.html     http://outreach.vlabs.ac.in/
recap.html     http://outreach.vlabs.ac.in/
validator-report.html     http://vlab.co.in
analysis/analysis-quiz.html     http://outreach.vlabs.ac.in/
analysis/comparison-with-other-algorithms.html     http://outreach.vlabs.ac.in/
analysis/index.html     http://outreach.vlabs.ac.in/
analysis/overview.html     http://outreach.vlabs.ac.in/
analysis/time-and-space-complexity.html     http://outreach.vlabs.ac.in/
dijkstras-algorithm/basic-concept.html     http://outreach.vlabs.ac.in/
dijkstras-algorithm/dijkstra-algorithm.html     http://outreach.vlabs.ac.in/
dijkstras-algorithm/dijkstras-algorithm-quiz.html     http://outreach.vlabs.ac.in/
dijkstras-algorithm/index.html     http://outreach.vlabs.ac.in/
